<?xml version="1.0" encoding="UTF-8"?>
<testng-results skipped="0" failed="0" ignored="0" total="2" passed="2">
  <reporter-output>
  </reporter-output>
  <suite name="Test-Suite" duration-ms="25" started-at="2021-08-28T18:34:08 IST" finished-at="2021-08-28T18:34:08 IST">
    <groups>
    </groups>
    <test name="ToolsQA" duration-ms="25" started-at="2021-08-28T18:34:08 IST" finished-at="2021-08-28T18:34:08 IST">
      <class name="main.Reg1">
        <test-method status="PASS" signature="main5()[pri:0, instance:main.Reg1@2d6eabae]" name="main5" is-config="true" duration-ms="5" started-at="2021-08-28T18:34:08 IST" finished-at="2021-08-28T18:34:08 IST">
          <reporter-output>
          </reporter-output>
        </test-method> <!-- main5 -->
        <test-method status="PASS" signature="main4()[pri:0, instance:main.Reg1@2d6eabae]" name="main4" is-config="true" duration-ms="0" started-at="2021-08-28T18:34:08 IST" finished-at="2021-08-28T18:34:08 IST">
          <reporter-output>
          </reporter-output>
        </test-method> <!-- main4 -->
        <test-method status="PASS" signature="main3()[pri:0, instance:main.Reg1@2d6eabae]" name="main3" is-config="true" duration-ms="0" started-at="2021-08-28T18:34:08 IST" finished-at="2021-08-28T18:34:08 IST">
          <reporter-output>
          </reporter-output>
        </test-method> <!-- main3 -->
        <test-method status="PASS" signature="main1()[pri:0, instance:main.Reg1@2d6eabae]" name="main1" duration-ms="0" started-at="2021-08-28T18:34:08 IST" finished-at="2021-08-28T18:34:08 IST">
          <reporter-output>
          </reporter-output>
        </test-method> <!-- main1 -->
        <test-method status="PASS" signature="main2()[pri:0, instance:main.Reg1@2d6eabae]" name="main2" duration-ms="0" started-at="2021-08-28T18:34:08 IST" finished-at="2021-08-28T18:34:08 IST">
          <reporter-output>
          </reporter-output>
        </test-method> <!-- main2 -->
      </class> <!-- main.Reg1 -->
    </test> <!-- ToolsQA -->
  </suite> <!-- Test-Suite -->
</testng-results>
